<?xml version="1.0" encoding="UTF-8"?>
<!-- Generated by org.testng.reporters.JUnitReportReporter -->
<testsuite hostname="LAPTOP-N6PADTDN" failures="0" tests="4" name="testsuite.TestClass2" time="0.012" errors="0" timestamp="2022-04-09T22:24:40 IST" skipped="0">
  <testcase classname="testsuite.TestClass2" name="checkout" time="0.001"/>
  <system-out/>
  <testcase classname="testsuite.TestClass2" name="payment" time="0.002"/>
  <system-out/>
  <testcase classname="testsuite.TestClass2" name="login" time="0.006"/>
  <system-out/>
  <testcase classname="testsuite.TestClass2" name="addtocart" time="0.003"/>
  <system-out/>
</testsuite> <!-- testsuite.TestClass2 -->
