<?xml version="1.0" encoding="UTF-8"?>
<!-- Generated by org.testng.reporters.JUnitReportReporter -->
<testsuite hostname="LAPTOP-N6PADTDN" failures="0" tests="4" name="excel.ReadDataFromDataProvider" time="1.946" errors="0" timestamp="2022-02-06T21:38:22 IST" skipped="0">
  <testcase classname="excel.ReadDataFromDataProvider" name="readData" time="0.414"/>
  <system-out/>
  <testcase classname="excel.ReadDataFromDataProvider" name="readData" time="0.756"/>
  <system-out/>
  <testcase classname="excel.ReadDataFromDataProvider" name="readData" time="0.328"/>
  <system-out/>
  <testcase classname="excel.ReadDataFromDataProvider" name="readData" time="0.448"/>
  <system-out/>
</testsuite> <!-- excel.ReadDataFromDataProvider -->
