<?xml version="1.0" encoding="UTF-8"?>
<!-- Generated by org.testng.reporters.JUnitReportReporter -->
<testsuite hostname="LAPTOP-N6PADTDN" failures="0" tests="3" name="listeners.ListenersTestWithExtentReport" time="9.811" errors="0" timestamp="07 May 2022 15:11:34 GMT" skipped="2">
  <testcase classname="listeners.ListenersTestWithExtentReport" name="TestCase1" time="9.811"/>
  <testcase classname="listeners.ListenersTestWithExtentReport" name="TestCase2">
    <skipped/>
  </testcase> <!-- TestCase2 -->
  <testcase classname="listeners.ListenersTestWithExtentReport" name="TestCase3">
    <skipped/>
  </testcase> <!-- TestCase3 -->
</testsuite> <!-- listeners.ListenersTestWithExtentReport -->
