<?xml version="1.0" encoding="UTF-8"?>
<!-- Generated by org.testng.reporters.JUnitReportReporter -->
<testsuite hostname="LAPTOP-N6PADTDN" failures="0" tests="2" name="testsuite.TestClass" time="11.128" errors="0" timestamp="2022-04-09T21:58:55 IST" skipped="0">
  <testcase classname="testsuite.TestClass" name="test2" time="6.196"/>
  <system-out/>
  <testcase classname="testsuite.TestClass" name="test1" time="4.932"/>
  <system-out/>
</testsuite> <!-- testsuite.TestClass -->
