<?xml version="1.0" encoding="UTF-8"?>
<!-- Generated by org.testng.reporters.JUnitReportReporter -->
<testsuite hostname="LAPTOP-N6PADTDN" failures="0" tests="1" name="properties.PropertyTestClass" time="0.002" errors="0" timestamp="15 Jul 2022 13:28:47 GMT" skipped="0">
  <testcase classname="properties.PropertyTestClass" name="test" time="0.002"/>
</testsuite> <!-- properties.PropertyTestClass -->
