<?xml version="1.0" encoding="UTF-8"?>
<!-- Generated by org.testng.reporters.JUnitReportReporter -->
<testsuite hostname="LAPTOP-N6PADTDN" failures="0" tests="2" name="testsuite.TestClass" time="12.394" errors="0" timestamp="2022-04-17T22:08:27 IST" skipped="0">
  <testcase classname="testsuite.TestClass" name="test3" time="6.126"/>
  <system-out/>
  <testcase classname="testsuite.TestClass" name="test1" time="6.268"/>
  <system-out/>
</testsuite> <!-- testsuite.TestClass -->
