<?xml version="1.0" encoding="UTF-8"?>
<!-- Generated by org.testng.reporters.JUnitReportReporter -->
<testsuite hostname="LAPTOP-N6PADTDN" failures="0" tests="1" name="logging.TestLoggerFileAppender" time="9.964" errors="0" timestamp="2022-02-24T20:34:11 IST" skipped="0">
  <testcase classname="logging.TestLoggerFileAppender" name="testcase" time="9.964"/>
  <system-out/>
</testsuite> <!-- logging.TestLoggerFileAppender -->
