<?xml version="1.0" encoding="UTF-8"?>
<!-- Generated by org.testng.reporters.JUnitReportReporter -->
<testsuite hostname="LAPTOP-N6PADTDN" failures="0" tests="1" name="logging.TestLogger" time="10.718" errors="0" timestamp="2022-02-24T20:25:50 IST" skipped="0">
  <testcase classname="logging.TestLogger" name="testcase" time="10.718"/>
  <system-out/>
</testsuite> <!-- logging.TestLogger -->
