<?xml version="1.0" encoding="UTF-8"?>
<!-- Generated by org.testng.reporters.JUnitReportReporter -->
<testsuite hostname="LAPTOP-N6PADTDN" failures="0" tests="1" name="logging.TestLogger" time="25.798" errors="0" timestamp="2022-05-01T22:02:04 IST" skipped="0">
  <testcase classname="logging.TestLogger" name="testcase" time="25.798"/>
  <system-out/>
</testsuite> <!-- logging.TestLogger -->
