<?xml version="1.0" encoding="UTF-8"?>
<!-- Generated by org.testng.reporters.JUnitReportReporter -->
<testsuite hostname="LAPTOP-N6PADTDN" failures="0" tests="2" name="testsuite.TestDataProvider" time="14.912" errors="0" timestamp="2022-04-10T23:06:24 IST" skipped="0">
  <testcase classname="testsuite.TestDataProvider" name="userdata1" time="8.173"/>
  <system-out/>
  <testcase classname="testsuite.TestDataProvider" name="userdata1" time="6.739"/>
  <system-out/>
</testsuite> <!-- testsuite.TestDataProvider -->
