<?xml version="1.0" encoding="UTF-8"?>
<!-- Generated by org.testng.reporters.JUnitReportReporter -->
<testsuite hostname="LAPTOP-N6PADTDN" failures="0" tests="3" name="testngtags.DataProviderClass" time="0.012" errors="0" timestamp="16 Jul 2022 12:35:19 GMT" skipped="0">
  <testcase classname="testngtags.DataProviderClass" name="cat" time="0.001"/>
  <testcase classname="testngtags.DataProviderClass" name="cat" time="0.001"/>
  <testcase classname="testngtags.DataProviderClass" name="cat" time="0.010"/>
</testsuite> <!-- testngtags.DataProviderClass -->
