<?xml version="1.0" encoding="UTF-8"?>
<!-- Generated by org.testng.reporters.JUnitReportReporter -->
<testsuite hostname="LAPTOP-N6PADTDN" failures="0" tests="1" name="properties.PropertyTestClass" time="0.006" errors="0" timestamp="2022-02-23T11:08:30 IST" skipped="0">
  <testcase classname="properties.PropertyTestClass" name="test" time="0.006"/>
  <system-out/>
</testsuite> <!-- properties.PropertyTestClass -->
