<?xml version="1.0" encoding="UTF-8"?>
<!-- Generated by org.testng.reporters.JUnitReportReporter -->
<testsuite hostname="LAPTOP-N6PADTDN" failures="0" tests="1" name="testngtags.ParametrisationClass" time="0.009" errors="0" timestamp="15 Jul 2022 13:54:37 GMT" skipped="0">
  <testcase classname="testngtags.ParametrisationClass" name="cat" time="0.009"/>
</testsuite> <!-- testngtags.ParametrisationClass -->
