<?xml version="1.0" encoding="UTF-8"?>
<!-- Generated by org.testng.reporters.JUnitReportReporter -->
<testsuite hostname="LAPTOP-N6PADTDN" failures="0" tests="1" name="db.DBTestClass" time="0.611" errors="0" timestamp="2022-04-28T21:23:35 IST" skipped="0">
  <testcase classname="db.DBTestClass" name="getEmployeesFromDataBase1" time="0.611"/>
  <system-out/>
</testsuite> <!-- db.DBTestClass -->
