<?xml version="1.0" encoding="UTF-8"?>
<!-- Generated by org.testng.reporters.JUnitReportReporter -->
<testsuite hostname="LAPTOP-N6PADTDN" failures="0" tests="1" name="logging.TestLoggerFileAppender" time="30.563" errors="0" timestamp="2022-05-01T22:06:19 IST" skipped="0">
  <testcase classname="logging.TestLoggerFileAppender" name="testcase" time="30.563"/>
  <system-out/>
</testsuite> <!-- logging.TestLoggerFileAppender -->
