<?xml version="1.0" encoding="UTF-8"?>
<!-- Generated by org.testng.reporters.JUnitReportReporter -->
<testsuite hostname="LAPTOP-N6PADTDN" failures="0" tests="1" name="db.DBTestClass" time="0.350" errors="0" timestamp="2022-03-19T20:20:53 IST" skipped="0">
  <testcase classname="db.DBTestClass" name="getEmployeesFromDataBase" time="0.350"/>
  <system-out/>
</testsuite> <!-- db.DBTestClass -->
