<?xml version="1.0" encoding="UTF-8"?>
<!-- Generated by org.testng.reporters.JUnitReportReporter -->
<testsuite hostname="LAPTOP-N6PADTDN" failures="0" tests="1" name="logging.TestLoggerWithFileConsole" time="10.306" errors="0" timestamp="2022-02-24T20:41:44 IST" skipped="0">
  <testcase classname="logging.TestLoggerWithFileConsole" name="testcase" time="10.306"/>
  <system-out/>
</testsuite> <!-- logging.TestLoggerWithFileConsole -->
