<?xml version="1.0" encoding="UTF-8"?>
<!-- Generated by org.testng.reporters.JUnitReportReporter -->
<testsuite hostname="LAPTOP-N6PADTDN" failures="0" tests="1" name="testsuite.TestClass2" time="0.004" errors="0" timestamp="2022-04-10T22:24:58 IST" skipped="0">
  <testcase classname="testsuite.TestClass2" name="login" time="0.004"/>
  <system-out/>
</testsuite> <!-- testsuite.TestClass2 -->
