<?xml version="1.0" encoding="UTF-8"?>
<!-- Generated by org.testng.reporters.JUnitReportReporter -->
<testsuite hostname="LAPTOP-N6PADTDN" failures="0" tests="1" name="testngtags.TestNGClass1" time="0.004" errors="0" timestamp="16 Jul 2022 12:38:24 GMT" skipped="0">
  <testcase classname="testngtags.TestNGClass1" name="deer1" time="0.004"/>
</testsuite> <!-- testngtags.TestNGClass1 -->
